<?xml version="1.0" encoding="UTF-8"?>
<testng-results ignored="0" total="1" passed="1" failed="0" skipped="0">
  <reporter-output>
  </reporter-output>
  <suite started-at="2025-06-04T16:50:34 IST" name="Default suite" finished-at="2025-06-04T16:50:39 IST" duration-ms="5289">
    <groups>
    </groups>
    <test started-at="2025-06-04T16:50:34 IST" name="Default test" finished-at="2025-06-04T16:50:39 IST" duration-ms="5289">
      <class name="com.automation.testclasses.LoginPageTest">
        <test-method is-config="true" signature="setup()[pri:0, instance:com.automation.testclasses.LoginPageTest@46fa7c39]" started-at="2025-06-04T16:50:34 IST" name="setup" finished-at="2025-06-04T16:50:35 IST" duration-ms="1515" status="PASS">
          <reporter-output>
          </reporter-output>
        </test-method> <!-- setup -->
        <test-method signature="testLogin()[pri:0, instance:com.automation.testclasses.LoginPageTest@46fa7c39]" started-at="2025-06-04T16:50:35 IST" name="testLogin" finished-at="2025-06-04T16:50:39 IST" duration-ms="3606" status="PASS">
          <reporter-output>
          </reporter-output>
        </test-method> <!-- testLogin -->
        <test-method is-config="true" signature="tearDown()[pri:0, instance:com.automation.testclasses.LoginPageTest@46fa7c39]" started-at="2025-06-04T16:50:39 IST" name="tearDown" finished-at="2025-06-04T16:50:39 IST" duration-ms="127" status="PASS">
          <reporter-output>
          </reporter-output>
        </test-method> <!-- tearDown -->
      </class> <!-- com.automation.testclasses.LoginPageTest -->
    </test> <!-- Default test -->
  </suite> <!-- Default suite -->
</testng-results>
